<?xml version="1.0" encoding="UTF-8"?>
<!-- Generated by org.testng.reporters.JUnitReportReporter -->
<testsuite hostname="DESKTOP-PACIA8O" failures="0" tests="2" name="com.testcase.Logintest" time="1.816" errors="0" timestamp="18 Mar 2020 06:42:39 GMT" skipped="0">
  <testcase classname="com.testcase.Logintest" name="test01" time="1.801"/>
  <testcase classname="com.testcase.Logintest" name="test02" time="0.015"/>
</testsuite> <!-- com.testcase.Logintest -->
