<?xml version="1.0" encoding="UTF-8"?>
<!-- Generated by org.testng.reporters.JUnitReportReporter -->
<testsuite hostname="DESKTOP-PACIA8O" failures="0" tests="2" name="com.testcase.Logintest" time="2.904" errors="0" timestamp="15 Mar 2020 05:39:41 GMT" skipped="0">
  <testcase classname="com.testcase.Logintest" name="test02" time="0.017"/>
  <testcase classname="com.testcase.Logintest" name="test01" time="2.887"/>
</testsuite> <!-- com.testcase.Logintest -->
