<?xml version="1.0" encoding="UTF-8"?>
<!-- Generated by org.testng.reporters.JUnitReportReporter -->
<testsuite skipped="0" hostname="DESKTOP-PACIA8O" name="com.testcase.Logintest" tests="2" failures="0" timestamp="18 Mar 2020 06:23:20 GMT" time="1.873" errors="0">
  <testcase name="test02" time="0.013" classname="com.testcase.Logintest"/>
  <testcase name="test01" time="1.860" classname="com.testcase.Logintest"/>
</testsuite> <!-- com.testcase.Logintest -->
