<?xml version="1.0" encoding="UTF-8"?>
<!-- Generated by org.testng.reporters.JUnitReportReporter -->
<testsuite hostname="DESKTOP-PACIA8O" failures="0" tests="2" name="com.testcase.Logintest" time="1.676" errors="0" timestamp="18 Mar 2020 07:20:23 GMT" skipped="0">
  <testcase classname="com.testcase.Logintest" name="test02" time="0.013"/>
  <testcase classname="com.testcase.Logintest" name="test01" time="1.663"/>
</testsuite> <!-- com.testcase.Logintest -->
