<?xml version="1.0" encoding="UTF-8"?>
<!-- Generated by org.testng.reporters.JUnitReportReporter -->
<testsuite skipped="0" hostname="DESKTOP-PACIA8O" name="com.testcase.Logintest" tests="2" failures="0" timestamp="16 Mar 2020 05:38:30 GMT" time="2.158" errors="0">
  <testcase name="test02" time="0.023" classname="com.testcase.Logintest"/>
  <testcase name="test01" time="2.135" classname="com.testcase.Logintest"/>
</testsuite> <!-- com.testcase.Logintest -->
